2024-03-21T14:27:12.054Z - info: 
{
  "On": "Thu Mar 21 2024:3:27:10 PM",
  "PhoneNumber": "+2348164493471",
  "SessionId": "ADDdffgtshhgghghsgh",
  "Payload": {
    "month": "2",
    "year": "2024",
    "bankName": "FIDELITY BANK",
    "accountNumber": "6161668654"
  },
  "response": {
    "message": "Successfully",
    "data": {
      "_id": "65d756669c785af85ef92c92",
      "name": "Kenechukwu Josiah",
      "grade": "002",
      "step": "2",
      "designation": "House of works",
      "cadre": "card",
      "department": "Department",
      "mda": "dempartment",
      "month": "2",
      "year": "2024",
      "salaryStructure": "salaryStructure",
      "verificationCode": "V-code",
      "accountNumber": "6161668654",
      "bankName": "FIDELITY BANK",
      "employmentNumber": "9292828882",
      "basicSalary": "20000",
      "totalAllowance": "4000",
      "allowanceDetails": "Transport allowance",
      "gross": "25000",
      "totalDeduction": "2009",
      "deductionDetails": "tax and pension",
      "staffType": "civils",
      "net": "27000",
      "overPayment": "0",
      "__v": 0,
      "createdAt": "2024-02-22T14:12:54.394Z",
      "updatedAt": "2024-02-22T14:14:30.538Z",
      "paymentReason": "Payment Failed",
      "paymentStatus": "06"
    }
  }
}
2024-03-21T14:33:01.732Z - info: 
{
  "On": "Thu Mar 21 2024:3:33:00 PM",
  "PhoneNumber": "+2348164493471",
  "SessionId": "ADDdffgtshhgghghsgh",
  "Payload": {
    "month": "2",
    "year": "2024",
    "bankName": "FIDELITY BANK",
    "accountNumber": "6161668654"
  },
  "response": {
    "message": "Successfully",
    "data": {
      "_id": "65d756669c785af85ef92c92",
      "name": "Kenechukwu Josiah",
      "grade": "002",
      "step": "2",
      "designation": "House of works",
      "cadre": "card",
      "department": "Department",
      "mda": "dempartment",
      "month": "2",
      "year": "2024",
      "salaryStructure": "salaryStructure",
      "verificationCode": "V-code",
      "accountNumber": "6161668654",
      "bankName": "FIDELITY BANK",
      "employmentNumber": "9292828882",
      "basicSalary": "20000",
      "totalAllowance": "4000",
      "allowanceDetails": "Transport allowance",
      "gross": "25000",
      "totalDeduction": "2009",
      "deductionDetails": "tax and pension",
      "staffType": "civils",
      "net": "27000",
      "overPayment": "0",
      "__v": 0,
      "createdAt": "2024-02-22T14:12:54.394Z",
      "updatedAt": "2024-02-22T14:14:30.538Z",
      "paymentReason": "Payment Failed",
      "paymentStatus": "06"
    }
  }
}
2024-03-21T14:50:25.725Z - info: 
{
  "On": "Thu Mar 21 2024:3:50:23 PM",
  "PhoneNumber": "+2348164493471",
  "SessionId": "ADDdffgtshhgghghsgh",
  "Payload": {
    "month": "2",
    "year": "2024",
    "bankName": "FIDELITY BANK",
    "accountNumber": "6161668654"
  },
  "response": {
    "message": "Successfully",
    "data": {
      "_id": "65d756669c785af85ef92c92",
      "name": "Kenechukwu Josiah",
      "grade": "002",
      "step": "2",
      "designation": "House of works",
      "cadre": "card",
      "department": "Department",
      "mda": "dempartment",
      "month": "2",
      "year": "2024",
      "salaryStructure": "salaryStructure",
      "verificationCode": "V-code",
      "accountNumber": "6161668654",
      "bankName": "FIDELITY BANK",
      "employmentNumber": "9292828882",
      "basicSalary": "20000",
      "totalAllowance": "4000",
      "allowanceDetails": "Transport allowance",
      "gross": "25000",
      "totalDeduction": "2009",
      "deductionDetails": "tax and pension",
      "staffType": "civils",
      "net": "27000",
      "overPayment": "0",
      "__v": 0,
      "createdAt": "2024-02-22T14:12:54.394Z",
      "updatedAt": "2024-02-22T14:14:30.538Z",
      "paymentReason": "Payment Failed",
      "paymentStatus": "06"
    }
  }
}
